4 61 16
6 25 8
6 79 7
6 82 18
6 84 18
7 57 12
7 74 11
8 18 15
9 68 5
9 87 10
11 55 15
12 31 8
12 54 6
12 61 15
12 69 6
14 27 3
17 64 3
17 74 16
18 38 15
18 45 10
19 67 16
19 75 11
20 57 3
20 65 6
20 70 10
21 73 1
22 64 9
22 70 2
22 87 2
23 47 17
23 52 17
23 68 10
23 76 10
23 77 4
24 29 14
24 39 15
24 81 9
24 83 14
25 29 6
25 44 7
25 56 6
25 74 6
25 88 10
26 64 16
26 71 10
26 88 10
26 89 14
27 48 15
27 54 15
27 59 15
27 60 15
27 83 4
27 86 10
28 72 12
29 71 1
29 74 7
29 81 17
30 35 7
30 52 15
30 75 7
30 82 15
31 68 8
31 87 8
32 71 3
32 73 14
32 78 2
32 82 6
32 84 13
32 86 9
33 37 3
33 57 17
33 70 7
33 76 11
33 86 18
33 89 8
34 35 10
34 36 16
34 50 4
34 53 8
34 58 10
34 67 5
34 68 13
34 69 15
34 73 7
34 88 13
34 89 4
35 42 13
35 66 3
35 80 10
35 84 12
35 86 12
35 88 15
36 58 16
36 69 11
36 74 16
36 76 6
36 80 6
37 61 3
37 70 15
37 74 15
37 75 10
37 79 14
38 45 9
38 53 6
38 85 16
39 75 11
39 81 6
39 84 8
39 88 12
39 89 12
40 49 17
40 56 11
40 74 13
40 83 12
41 42 17
41 49 16
41 57 17
41 61 10
41 70 3
41 73 18
41 75 17
41 79 4
42 46 5
42 66 16
42 71 13
42 72 12
42 75 11
42 78 1
42 81 10
42 82 9
42 83 16
42 86 16
42 87 15
43 49 8
43 65 3
43 84 11
43 88 15
44 66 2
44 67 9
44 71 10
44 77 3
44 78 9
44 86 5
44 87 14
45 77 9
45 83 16
45 87 8
46 51 18
46 56 16
46 61 14
46 73 16
46 77 9
46 80 17
47 49 6
47 61 13
47 66 17
47 68 7
47 76 7
47 79 12
47 84 3
47 85 14
48 60 5
48 63 14
48 68 14
48 84 10
48 85 14
48 87 1
48 89 11
49 50 11
49 63 15
49 73 14
49 84 9
50 52 8
50 58 8
50 74 4
50 80 3
50 84 7
50 85 16
51 70 10
51 80 10
52 53 7
52 64 4
52 74 14
52 77 10
52 82 7
52 84 14
53 77 17
53 80 3
53 88 5
54 59 8
54 60 5
54 66 3
54 69 10
54 75 10
54 79 15
55 61 13
55 71 10
55 72 13
55 79 11
55 82 16
55 84 14
55 85 15
55 86 16
56 60 11
56 71 14
56 76 13
56 78 2
56 82 2
57 59 9
57 64 18
57 81 18
58 60 6
58 77 9
58 80 10
58 84 13
58 88 12
59 65 11
59 68 10
59 73 13
59 78 13
59 84 2
59 86 13
60 64 4
60 72 7
60 75 14
60 77 14
60 79 5
60 85 9
60 86 11
60 87 16
61 68 5
61 78 12
61 79 3
61 83 3
61 86 16
61 88 11
62 69 16
62 70 14
62 74 1
62 81 1
62 83 10
62 88 17
62 89 2
63 67 13
63 72 7
63 73 6
63 81 12
63 82 18
63 84 18
63 87 5
64 66 12
64 71 6
64 76 10
64 80 15
64 83 15
64 87 10
65 66 16
65 67 2
65 69 17
65 71 14
65 75 3
65 88 6
66 69 2
66 71 8
66 73 16
66 78 5
66 80 15
66 81 12
66 84 10
66 87 3
66 88 8
66 89 15
67 74 3
67 78 5
68 69 2
68 76 9
69 74 14
69 77 15
69 79 9
69 81 17
69 82 15
69 84 7
70 72 12
70 77 16
70 79 1
70 83 7
70 89 5
71 72 15
71 74 13
71 75 8
71 79 13
71 84 13
72 74 12
72 81 7
72 88 9
73 77 14
73 79 14
73 81 6
73 82 17
73 84 13
74 75 6
74 78 18
74 85 10
74 89 17
75 76 10
75 82 16
75 84 2
75 85 15
75 87 11
76 80 16
76 84 15
76 85 18
77 78 12
77 80 1
77 86 16
78 79 2
78 81 8
78 82 17
78 83 16
79 81 8
79 85 7
79 86 8
79 88 2
81 86 3
81 89 12
82 84 4
82 87 4
82 89 15
83 85 18
83 88 6
84 86 2
84 87 2
85 88 4
85 89 9
86 87 11
87 87 8
87 89 14
88 89 5
