2 48 10
5 16 6
6 42 17
6 43 16
7 48 7
7 49 6
9 22 12
9 37 18
9 39 17
9 48 10
11 44 13
12 42 14
12 44 13
12 46 16
13 30 3
13 34 18
13 42 14
13 44 11
13 48 10
13 49 17
14 46 3
14 48 14
14 49 16
15 47 16
17 19 8
17 24 3
17 39 5
17 45 4
18 40 10
19 23 15
19 24 9
19 29 15
19 33 5
19 45 14
19 47 11
20 29 2
20 41 4
20 48 7
21 22 15
21 24 16
21 33 11
21 40 14
21 42 17
21 47 3
22 31 3
22 32 6
22 37 3
22 41 4
22 45 3
22 46 7
22 49 2
23 31 9
23 33 18
23 36 13
23 42 2
23 47 17
23 48 14
24 26 2
24 27 14
24 30 5
24 33 4
24 40 8
24 41 16
24 43 5
25 26 3
25 27 16
25 31 8
25 32 17
25 36 9
25 43 10
25 44 18
25 48 3
25 49 11
26 28 2
26 29 16
26 30 4
26 35 2
26 46 13
26 47 7
27 31 15
27 34 14
27 39 14
27 40 9
27 41 9
27 46 15
27 47 14
28 29 8
28 35 2
28 37 15
28 40 16
28 42 18
28 48 18
28 49 14
29 31 1
29 36 17
29 41 6
29 46 10
29 47 8
30 36 19
30 39 6
30 43 14
31 35 11
31 36 16
31 38 2
31 40 4
31 43 18
32 33 4
32 36 8
32 43 9
32 47 19
32 49 8
33 37 12
33 41 2
33 42 13
33 49 3
34 38 14
34 45 10
34 47 5
34 48 18
35 37 12
35 38 4
35 40 9
35 41 8
35 43 13
35 48 12
35 49 4
36 38 14
36 39 17
36 41 18
36 42 11
36 43 9
36 46 14
37 39 14
37 42 8
37 46 13
37 47 15
37 48 14
38 39 8
38 42 13
38 43 12
38 45 18
38 47 14
38 48 19
39 39 9
39 44 4
39 46 7
39 47 11
40 42 17
40 43 18
40 45 18
40 46 15
40 47 3
41 45 8
41 47 10
42 43 15
42 47 14
43 44 17
44 46 18
44 47 18
45 48 10
