0 35 2
1 15 17
1 35 7
1 50 12
3 49 17
4 46 13
7 49 18
9 23 11
10 30 16
10 40 5
10 50 10
11 22 13
11 53 12
12 48 18
12 49 2
13 35 6
13 44 16
14 22 2
14 29 12
14 33 11
14 46 7
14 50 12
15 21 2
15 36 1
15 41 12
16 23 15
16 44 15
16 51 1
16 52 15
17 38 16
17 45 7
17 51 9
18 41 20
18 54 19
19 26 3
19 33 16
19 46 4
19 47 15
20 33 4
20 44 15
20 50 18
20 52 19
21 38 10
21 53 19
22 30 18
22 36 4
22 49 7
22 51 20
23 32 17
23 38 18
23 49 15
23 52 10
23 54 3
24 47 13
24 53 19
24 54 19
25 33 8
25 38 1
25 43 18
25 44 18
25 49 16
25 51 14
25 53 2
26 35 10
26 36 3
26 39 13
26 45 17
26 47 8
26 52 14
26 53 18
26 54 3
27 28 9
27 36 14
27 41 10
27 48 17
27 51 10
28 33 16
28 35 8
28 37 2
28 44 5
28 45 6
28 53 14
29 30 13
29 33 18
29 36 5
29 37 16
29 42 4
29 46 9
29 49 3
29 51 14
29 52 18
30 35 19
30 37 8
30 38 14
30 39 9
30 45 7
30 48 9
30 50 15
30 51 19
30 53 17
31 38 18
31 39 11
31 40 11
31 43 4
31 53 19
32 36 7
32 39 15
32 41 15
32 42 18
32 43 15
32 52 18
32 54 18
33 37 16
33 40 18
33 41 18
33 43 7
33 46 18
33 48 15
33 50 8
33 54 3
34 39 19
34 47 19
34 50 18
34 52 3
35 40 19
35 46 19
35 48 7
35 50 12
36 40 7
36 41 16
36 42 17
36 43 7
36 52 19
37 42 7
37 45 10
37 48 6
37 50 2
37 52 3
38 40 12
38 42 12
38 44 8
38 48 9
38 50 9
38 53 16
39 41 3
39 44 18
39 46 3
39 47 11
39 48 3
39 50 5
40 42 18
40 43 2
40 44 17
40 45 3
40 48 19
40 49 14
40 51 17
40 53 15
40 54 4
41 44 13
41 51 13
41 53 20
41 54 16
42 43 16
42 47 9
42 49 18
42 53 12
42 54 7
43 45 2
43 46 6
43 54 4
44 46 14
44 47 6
44 48 5
44 50 17
44 52 12
44 53 14
44 54 17
45 46 2
45 50 2
45 51 18
45 54 17
46 47 19
46 48 20
46 50 19
46 51 9
47 50 15
47 52 18
47 53 16
48 51 15
48 53 6
48 54 18
49 50 10
49 52 13
49 53 18
49 54 5
50 54 17
51 52 12
52 54 16
53 54 13
54 54 19
