0 14 3
1 16 6
1 19 5
2 7 7
2 9 8
2 10 9
2 16 8
2 17 7
2 18 10
3 6 6
3 8 4
3 12 2
3 15 2
3 17 5
3 18 8
4 9 3
4 11 9
4 12 8
4 15 9
4 16 8
5 6 9
5 11 10
5 12 10
5 14 10
5 15 8
5 18 9
5 19 2
6 7 3
6 10 9
6 11 10
6 13 6
6 15 8
6 16 3
6 17 2
6 18 5
6 19 10
7 9 9
7 12 4
7 14 6
7 15 5
7 16 10
7 17 5
7 19 10
8 10 10
8 11 10
8 12 10
8 13 4
8 14 9
8 15 5
8 16 4
8 19 9
9 9 8
9 11 7
9 14 8
9 15 9
9 16 9
9 18 8
10 11 7
10 12 8
10 13 4
10 15 10
10 16 9
10 17 9
10 18 5
10 19 10
11 12 8
11 13 10
11 14 9
11 15 9
11 16 5
11 17 10
11 18 11
11 19 6
12 13 9
12 14 9
12 15 10
12 16 10
12 17 10
12 18 11
12 19 10
13 13 4
13 14 9
13 15 8
13 16 9
13 17 10
13 18 8
13 19 10
14 14 10
14 15 4
14 16 10
14 17 6
14 18 7
14 19 10
15 16 9
15 17 9
15 18 10
15 19 10
16 17 10
16 18 9
16 19 9
17 17 11
17 18 10
17 19 9
18 18 9
18 19 10
19 19 6
